# JRE version: Java(TM) SE Runtime Environment (8.0_05-b13) (build 1.8.0_05-b13)
# Java VM: Java HotSpot(TM) 64-Bit Server VM (25.5-b02 mixed mode windows-amd64 compressed oops)
Heap:
 PSYoungGen      total 12800K, used 11921K [0x00000000eab00000, 0x00000000ebb80000, 0x0000000100000000)
  eden space 10752K, 94% used [0x00000000eab00000,0x00000000eb4ec520,0x00000000eb580000)
  from space 2048K, 85% used [0x00000000eb980000,0x00000000ebb38000,0x00000000ebb80000)
  to   space 2048K, 0% used [0x00000000eb780000,0x00000000eb780000,0x00000000eb980000)
 ParOldGen       total 9728K, used 6994K [0x00000000c0000000, 0x00000000c0980000, 0x00000000eab00000)
  object space 9728K, 71% used [0x00000000c0000000,0x00000000c06d4848,0x00000000c0980000)
 Metaspace       used 5813K, capacity 6896K, committed 7040K, reserved 1058816K
  class space    used 585K, capacity 616K, committed 640K, reserved 1048576K
GC Heap History (10 events):
Event: 2.736 GC heap before
{Heap before GC invocations=14 (full 1):
 PSYoungGen      total 8192K, used 7392K [0x00000000eab00000, 0x00000000eb480000, 0x0000000100000000)
  eden space 6656K, 100% used [0x00000000eab00000,0x00000000eb180000,0x00000000eb180000)
  from space 1536K, 47% used [0x00000000eb300000,0x00000000eb3b8000,0x00000000eb480000)
  to   space 1536K, 0% used [0x00000000eb180000,0x00000000eb180000,0x00000000eb300000)
 ParOldGen       total 6656K, used 3290K [0x00000000c0000000, 0x00000000c0680000, 0x00000000eab00000)
  object space 6656K, 49% used [0x00000000c0000000,0x00000000c0336858,0x00000000c0680000)
 Metaspace       used 5659K, capacity 6832K, committed 7040K, reserved 1058816K
  class space    used 579K, capacity 616K, committed 640K, reserved 1048576K
Event: 2.748 GC heap after
Heap after GC invocations=14 (full 1):
 PSYoungGen      total 8192K, used 1120K [0x00000000eab00000, 0x00000000eb700000, 0x0000000100000000)
  eden space 6656K, 0% used [0x00000000eab00000,0x00000000eab00000,0x00000000eb180000)
  from space 1536K, 72% used [0x00000000eb180000,0x00000000eb298010,0x00000000eb300000)
  to   space 1536K, 0% used [0x00000000eb580000,0x00000000eb580000,0x00000000eb700000)
 ParOldGen       total 6656K, used 3934K [0x00000000c0000000, 0x00000000c0680000, 0x00000000eab00000)
  object space 6656K, 59% used [0x00000000c0000000,0x00000000c03d79d0,0x00000000c0680000)
 Metaspace       used 5659K, capacity 6832K, committed 7040K, reserved 1058816K
  class space    used 579K, capacity 616K, committed 640K, reserved 1048576K
}
Event: 2.884 GC heap before
{Heap before GC invocations=15 (full 1):
 PSYoungGen      total 8192K, used 7776K [0x00000000eab00000, 0x00000000eb700000, 0x0000000100000000)
  eden space 6656K, 100% used [0x00000000eab00000,0x00000000eb180000,0x00000000eb180000)
  from space 1536K, 72% used [0x00000000eb180000,0x00000000eb298010,0x00000000eb300000)
  to   space 1536K, 0% used [0x00000000eb580000,0x00000000eb580000,0x00000000eb700000)
 ParOldGen       total 6656K, used 3934K [0x00000000c0000000, 0x00000000c0680000, 0x00000000eab00000)
  object space 6656K, 59% used [0x00000000c0000000,0x00000000c03d79d0,0x00000000c0680000)
 Metaspace       used 5683K, capacity 6832K, committed 7040K, reserved 1058816K
  class space    used 579K, capacity 616K, committed 640K, reserved 1048576K
Event: 2.889 GC heap after
Heap after GC invocations=15 (full 1):
 PSYoungGen      total 10240K, used 1472K [0x00000000eab00000, 0x00000000eb800000, 0x0000000100000000)
  eden space 8704K, 0% used [0x00000000eab00000,0x00000000eab00000,0x00000000eb380000)
  from space 1536K, 95% used [0x00000000eb580000,0x00000000eb6f0000,0x00000000eb700000)
  to   space 2048K, 0% used [0x00000000eb380000,0x00000000eb380000,0x00000000eb580000)
 ParOldGen       total 6656K, used 4969K [0x00000000c0000000, 0x00000000c0680000, 0x00000000eab00000)
  object space 6656K, 74% used [0x00000000c0000000,0x00000000c04da5d0,0x00000000c0680000)
 Metaspace       used 5683K, capacity 6832K, committed 7040K, reserved 1058816K
  class space    used 579K, capacity 616K, committed 640K, reserved 1048576K
}
Event: 2.980 GC heap before
{Heap before GC invocations=16 (full 1):
 PSYoungGen      total 10240K, used 10176K [0x00000000eab00000, 0x00000000eb800000, 0x0000000100000000)
  eden space 8704K, 100% used [0x00000000eab00000,0x00000000eb380000,0x00000000eb380000)
  from space 1536K, 95% used [0x00000000eb580000,0x00000000eb6f0000,0x00000000eb700000)
  to   space 2048K, 0% used [0x00000000eb380000,0x00000000eb380000,0x00000000eb580000)
 ParOldGen       total 6656K, used 4969K [0x00000000c0000000, 0x00000000c0680000, 0x00000000eab00000)
  object space 6656K, 74% used [0x00000000c0000000,0x00000000c04da5d0,0x00000000c0680000)
 Metaspace       used 5705K, capacity 6832K, committed 7040K, reserved 1058816K
  class space    used 579K, capacity 616K, committed 640K, reserved 1048576K
Event: 2.994 GC heap after
Heap after GC invocations=16 (full 1):
 PSYoungGen      total 10752K, used 1472K [0x00000000eab00000, 0x00000000ebb80000, 0x0000000100000000)
  eden space 8704K, 0% used [0x00000000eab00000,0x00000000eab00000,0x00000000eb380000)
  from space 2048K, 71% used [0x00000000eb380000,0x00000000eb4f0000,0x00000000eb580000)
  to   space 2048K, 0% used [0x00000000eb980000,0x00000000eb980000,0x00000000ebb80000)
 ParOldGen       total 6656K, used 6114K [0x00000000c0000000, 0x00000000c0680000, 0x00000000eab00000)
  object space 6656K, 91% used [0x00000000c0000000,0x00000000c05f8ba0,0x00000000c0680000)
 Metaspace       used 5705K, capacity 6832K, committed 7040K, reserved 1058816K
  class space    used 579K, capacity 616K, committed 640K, reserved 1048576K
}
Event: 2.994 GC heap before
{Heap before GC invocations=17 (full 2):
 PSYoungGen      total 10752K, used 1472K [0x00000000eab00000, 0x00000000ebb80000, 0x0000000100000000)
  eden space 8704K, 0% used [0x00000000eab00000,0x00000000eab00000,0x00000000eb380000)
  from space 2048K, 71% used [0x00000000eb380000,0x00000000eb4f0000,0x00000000eb580000)
  to   space 2048K, 0% used [0x00000000eb980000,0x00000000eb980000,0x00000000ebb80000)
 ParOldGen       total 6656K, used 6114K [0x00000000c0000000, 0x00000000c0680000, 0x00000000eab00000)
  object space 6656K, 91% used [0x00000000c0000000,0x00000000c05f8ba0,0x00000000c0680000)
 Metaspace       used 5705K, capacity 6832K, committed 7040K, reserved 1058816K
  class space    used 579K, capacity 616K, committed 640K, reserved 1048576K
Event: 4.000 GC heap after
Heap after GC invocations=17 (full 2):
 PSYoungGen      total 10752K, used 908K [0x00000000eab00000, 0x00000000ebb80000, 0x0000000100000000)
  eden space 8704K, 0% used [0x00000000eab00000,0x00000000eab00000,0x00000000eb380000)
  from space 2048K, 44% used [0x00000000eb380000,0x00000000eb463008,0x00000000eb580000)
  to   space 2048K, 0% used [0x00000000eb980000,0x00000000eb980000,0x00000000ebb80000)
 ParOldGen       total 9728K, used 6242K [0x00000000c0000000, 0x00000000c0980000, 0x00000000eab00000)
  object space 9728K, 64% used [0x00000000c0000000,0x00000000c0618848,0x00000000c0980000)
 Metaspace       used 5705K, capacity 6832K, committed 7040K, reserved 1058816K
  class space    used 579K, capacity 616K, committed 640K, reserved 1048576K
}
Event: 4.249 GC heap before
{Heap before GC invocations=18 (full 2):
 PSYoungGen      total 10752K, used 9612K [0x00000000eab00000, 0x00000000ebb80000, 0x0000000100000000)
  eden space 8704K, 100% used [0x00000000eab00000,0x00000000eb380000,0x00000000eb380000)
  from space 2048K, 44% used [0x00000000eb380000,0x00000000eb463008,0x00000000eb580000)
  to   space 2048K, 0% used [0x00000000eb980000,0x00000000eb980000,0x00000000ebb80000)
 ParOldGen       total 9728K, used 6242K [0x00000000c0000000, 0x00000000c0980000, 0x00000000eab00000)
  object space 9728K, 64% used [0x00000000c0000000,0x00000000c0618848,0x00000000c0980000)
 Metaspace       used 5730K, capacity 6896K, committed 7040K, reserved 1058816K
  class space    used 580K, capacity 616K, committed 640K, reserved 1048576K
Event: 4.365 GC heap after
Heap after GC invocations=18 (full 2):
 PSYoungGen      total 12800K, used 1760K [0x00000000eab00000, 0x00000000ebb80000, 0x0000000100000000)
  eden space 10752K, 0% used [0x00000000eab00000,0x00000000eab00000,0x00000000eb580000)
  from space 2048K, 85% used [0x00000000eb980000,0x00000000ebb38000,0x00000000ebb80000)
  to   space 2048K, 0% used [0x00000000eb780000,0x00000000eb780000,0x00000000eb980000)
 ParOldGen       total 9728K, used 6994K [0x00000000c0000000, 0x00000000c0980000, 0x00000000eab00000)
  object space 9728K, 71% used [0x00000000c0000000,0x00000000c06d4848,0x00000000c0980000)
 Metaspace       used 5730K, capacity 6896K, committed 7040K, reserved 1058816K
  class space    used 580K, capacity 616K, committed 640K, reserved 1048576K
}

