# JRE version: Java(TM) SE Runtime Environment (8.0_05-b13) (build 1.8.0_05-b13)
# Java VM: Java HotSpot(TM) 64-Bit Server VM (25.5-b02 mixed mode windows-amd64 compressed oops)
Heap:
 PSYoungGen      total 111616K, used 35089K [0x00000000eab00000, 0x00000000f5080000, 0x0000000100000000)
  eden space 96768K, 21% used [0x00000000eab00000,0x00000000ebf8c8b8,0x00000000f0980000)
  from space 14848K, 94% used [0x00000000f0980000,0x00000000f1737f38,0x00000000f1800000)
  to   space 16896K, 0% used [0x00000000f4000000,0x00000000f4000000,0x00000000f5080000)
 ParOldGen       total 96768K, used 59634K [0x00000000c0000000, 0x00000000c5e80000, 0x00000000eab00000)
  object space 96768K, 61% used [0x00000000c0000000,0x00000000c3a3c950,0x00000000c5e80000)
 Metaspace       used 6504K, capacity 7480K, committed 7680K, reserved 1056768K
  class space    used 630K, capacity 688K, committed 768K, reserved 1048576K
GC Heap History (10 events):
Event: 8.145 GC heap before
{Heap before GC invocations=17 (full 0):
 PSYoungGen      total 57856K, used 55392K [0x00000000eab00000, 0x00000000eec00000, 0x0000000100000000)
  eden space 50688K, 100% used [0x00000000eab00000,0x00000000edc80000,0x00000000edc80000)
  from space 7168K, 65% used [0x00000000ee400000,0x00000000ee898000,0x00000000eeb00000)
  to   space 7680K, 0% used [0x00000000edc80000,0x00000000edc80000,0x00000000ee400000)
 ParOldGen       total 96768K, used 20575K [0x00000000c0000000, 0x00000000c5e80000, 0x00000000eab00000)
  object space 96768K, 21% used [0x00000000c0000000,0x00000000c1417ff8,0x00000000c5e80000)
 Metaspace       used 6004K, capacity 6964K, committed 7040K, reserved 1056768K
  class space    used 606K, capacity 620K, committed 640K, reserved 1048576K
Event: 8.176 GC heap after
Heap after GC invocations=17 (full 0):
 PSYoungGen      total 58368K, used 7651K [0x00000000eab00000, 0x00000000f0580000, 0x0000000100000000)
  eden space 50688K, 0% used [0x00000000eab00000,0x00000000eab00000,0x00000000edc80000)
  from space 7680K, 99% used [0x00000000edc80000,0x00000000ee3f8c80,0x00000000ee400000)
  to   space 10752K, 0% used [0x00000000efb00000,0x00000000efb00000,0x00000000f0580000)
 ParOldGen       total 96768K, used 25799K [0x00000000c0000000, 0x00000000c5e80000, 0x00000000eab00000)
  object space 96768K, 26% used [0x00000000c0000000,0x00000000c1931eb0,0x00000000c5e80000)
 Metaspace       used 6004K, capacity 6964K, committed 7040K, reserved 1056768K
  class space    used 606K, capacity 620K, committed 640K, reserved 1048576K
}
Event: 8.589 GC heap before
{Heap before GC invocations=18 (full 0):
 PSYoungGen      total 58368K, used 58339K [0x00000000eab00000, 0x00000000f0580000, 0x0000000100000000)
  eden space 50688K, 100% used [0x00000000eab00000,0x00000000edc80000,0x00000000edc80000)
  from space 7680K, 99% used [0x00000000edc80000,0x00000000ee3f8c80,0x00000000ee400000)
  to   space 10752K, 0% used [0x00000000efb00000,0x00000000efb00000,0x00000000f0580000)
 ParOldGen       total 96768K, used 25799K [0x00000000c0000000, 0x00000000c5e80000, 0x00000000eab00000)
  object space 96768K, 26% used [0x00000000c0000000,0x00000000c1931eb0,0x00000000c5e80000)
 Metaspace       used 6034K, capacity 7028K, committed 7296K, reserved 1056768K
  class space    used 606K, capacity 620K, committed 640K, reserved 1048576K
Event: 8.712 GC heap after
Heap after GC invocations=18 (full 0):
 PSYoungGen      total 80896K, used 8288K [0x00000000eab00000, 0x00000000f0780000, 0x0000000100000000)
  eden space 70144K, 0% used [0x00000000eab00000,0x00000000eab00000,0x00000000eef80000)
  from space 10752K, 77% used [0x00000000efb00000,0x00000000f0318010,0x00000000f0580000)
  to   space 11776K, 0% used [0x00000000eef80000,0x00000000eef80000,0x00000000efb00000)
 ParOldGen       total 96768K, used 33343K [0x00000000c0000000, 0x00000000c5e80000, 0x00000000eab00000)
  object space 96768K, 34% used [0x00000000c0000000,0x00000000c208fcf8,0x00000000c5e80000)
 Metaspace       used 6034K, capacity 7028K, committed 7296K, reserved 1056768K
  class space    used 606K, capacity 620K, committed 640K, reserved 1048576K
}
Event: 9.402 GC heap before
{Heap before GC invocations=19 (full 0):
 PSYoungGen      total 80896K, used 78432K [0x00000000eab00000, 0x00000000f0780000, 0x0000000100000000)
  eden space 70144K, 100% used [0x00000000eab00000,0x00000000eef80000,0x00000000eef80000)
  from space 10752K, 77% used [0x00000000efb00000,0x00000000f0318010,0x00000000f0580000)
  to   space 11776K, 0% used [0x00000000eef80000,0x00000000eef80000,0x00000000efb00000)
 ParOldGen       total 96768K, used 33343K [0x00000000c0000000, 0x00000000c5e80000, 0x00000000eab00000)
  object space 96768K, 34% used [0x00000000c0000000,0x00000000c208fcf8,0x00000000c5e80000)
 Metaspace       used 6045K, capacity 7028K, committed 7296K, reserved 1056768K
  class space    used 606K, capacity 620K, committed 640K, reserved 1048576K
Event: 9.429 GC heap after
Heap after GC invocations=19 (full 0):
 PSYoungGen      total 81920K, used 10615K [0x00000000eab00000, 0x00000000f2500000, 0x0000000100000000)
  eden space 70144K, 0% used [0x00000000eab00000,0x00000000eab00000,0x00000000eef80000)
  from space 11776K, 90% used [0x00000000eef80000,0x00000000ef9ddfd8,0x00000000efb00000)
  to   space 13312K, 0% used [0x00000000f1800000,0x00000000f1800000,0x00000000f2500000)
 ParOldGen       total 96768K, used 41187K [0x00000000c0000000, 0x00000000c5e80000, 0x00000000eab00000)
  object space 96768K, 42% used [0x00000000c0000000,0x00000000c2838f88,0x00000000c5e80000)
 Metaspace       used 6045K, capacity 7028K, committed 7296K, reserved 1056768K
  class space    used 606K, capacity 620K, committed 640K, reserved 1048576K
}
Event: 9.985 GC heap before
{Heap before GC invocations=20 (full 0):
 PSYoungGen      total 81920K, used 80759K [0x00000000eab00000, 0x00000000f2500000, 0x0000000100000000)
  eden space 70144K, 100% used [0x00000000eab00000,0x00000000eef80000,0x00000000eef80000)
  from space 11776K, 90% used [0x00000000eef80000,0x00000000ef9ddfd8,0x00000000efb00000)
  to   space 13312K, 0% used [0x00000000f1800000,0x00000000f1800000,0x00000000f2500000)
 ParOldGen       total 96768K, used 41187K [0x00000000c0000000, 0x00000000c5e80000, 0x00000000eab00000)
  object space 96768K, 42% used [0x00000000c0000000,0x00000000c2838f88,0x00000000c5e80000)
 Metaspace       used 6057K, capacity 7028K, committed 7296K, reserved 1056768K
  class space    used 606K, capacity 620K, committed 640K, reserved 1048576K
Event: 10.054 GC heap after
Heap after GC invocations=20 (full 0):
 PSYoungGen      total 110080K, used 11360K [0x00000000eab00000, 0x00000000f2800000, 0x0000000100000000)
  eden space 96768K, 0% used [0x00000000eab00000,0x00000000eab00000,0x00000000f0980000)
  from space 13312K, 85% used [0x00000000f1800000,0x00000000f2318000,0x00000000f2500000)
  to   space 14848K, 0% used [0x00000000f0980000,0x00000000f0980000,0x00000000f1800000)
 ParOldGen       total 96768K, used 51070K [0x00000000c0000000, 0x00000000c5e80000, 0x00000000eab00000)
  object space 96768K, 52% used [0x00000000c0000000,0x00000000c31dfa70,0x00000000c5e80000)
 Metaspace       used 6057K, capacity 7028K, committed 7296K, reserved 1056768K
  class space    used 606K, capacity 620K, committed 640K, reserved 1048576K
}
Event: 12.632 GC heap before
{Heap before GC invocations=21 (full 0):
 PSYoungGen      total 110080K, used 108128K [0x00000000eab00000, 0x00000000f2800000, 0x0000000100000000)
  eden space 96768K, 100% used [0x00000000eab00000,0x00000000f0980000,0x00000000f0980000)
  from space 13312K, 85% used [0x00000000f1800000,0x00000000f2318000,0x00000000f2500000)
  to   space 14848K, 0% used [0x00000000f0980000,0x00000000f0980000,0x00000000f1800000)
 ParOldGen       total 96768K, used 51070K [0x00000000c0000000, 0x00000000c5e80000, 0x00000000eab00000)
  object space 96768K, 52% used [0x00000000c0000000,0x00000000c31dfa70,0x00000000c5e80000)
 Metaspace       used 6349K, capacity 7352K, committed 7680K, reserved 1056768K
  class space    used 627K, capacity 688K, committed 768K, reserved 1048576K
Event: 12.842 GC heap after
Heap after GC invocations=21 (full 0):
 PSYoungGen      total 111616K, used 14047K [0x00000000eab00000, 0x00000000f5080000, 0x0000000100000000)
  eden space 96768K, 0% used [0x00000000eab00000,0x00000000eab00000,0x00000000f0980000)
  from space 14848K, 94% used [0x00000000f0980000,0x00000000f1737f38,0x00000000f1800000)
  to   space 16896K, 0% used [0x00000000f4000000,0x00000000f4000000,0x00000000f5080000)
 ParOldGen       total 96768K, used 59634K [0x00000000c0000000, 0x00000000c5e80000, 0x00000000eab00000)
  object space 96768K, 61% used [0x00000000c0000000,0x00000000c3a3c950,0x00000000c5e80000)
 Metaspace       used 6349K, capacity 7352K, committed 7680K, reserved 1056768K
  class space    used 627K, capacity 688K, committed 768K, reserved 1048576K
}

