# JRE version: Java(TM) SE Runtime Environment (8.0_05-b13) (build 1.8.0_05-b13)
# Java VM: Java HotSpot(TM) 64-Bit Server VM (25.5-b02 mixed mode windows-amd64 compressed oops)
Heap:
 PSYoungGen      total 119808K, used 58334K [0x00000000eab00000, 0x00000000f2f80000, 0x0000000100000000)
  eden space 103936K, 47% used [0x00000000eab00000,0x00000000edb37b40,0x00000000f1080000)
  from space 15872K, 56% used [0x00000000f2000000,0x00000000f28c0010,0x00000000f2f80000)
  to   space 15872K, 0% used [0x00000000f1080000,0x00000000f1080000,0x00000000f2000000)
 ParOldGen       total 96768K, used 58408K [0x00000000c0000000, 0x00000000c5e80000, 0x00000000eab00000)
  object space 96768K, 60% used [0x00000000c0000000,0x00000000c390a108,0x00000000c5e80000)
 Metaspace       used 6342K, capacity 7256K, committed 7424K, reserved 1056768K
  class space    used 624K, capacity 656K, committed 768K, reserved 1048576K
GC Heap History (10 events):
Event: 8.376 GC heap before
{Heap before GC invocations=20 (full 0):
 PSYoungGen      total 45056K, used 44635K [0x00000000eab00000, 0x00000000eee80000, 0x0000000100000000)
  eden space 38400K, 100% used [0x00000000eab00000,0x00000000ed080000,0x00000000ed080000)
  from space 6656K, 93% used [0x00000000ed080000,0x00000000ed696d70,0x00000000ed700000)
  to   space 7680K, 0% used [0x00000000ee700000,0x00000000ee700000,0x00000000eee80000)
 ParOldGen       total 96768K, used 23381K [0x00000000c0000000, 0x00000000c5e80000, 0x00000000eab00000)
  object space 96768K, 24% used [0x00000000c0000000,0x00000000c16d5418,0x00000000c5e80000)
 Metaspace       used 6017K, capacity 7028K, committed 7296K, reserved 1056768K
  class space    used 603K, capacity 620K, committed 640K, reserved 1048576K
Event: 8.401 GC heap after
Heap after GC invocations=20 (full 0):
 PSYoungGen      total 60928K, used 6007K [0x00000000eab00000, 0x00000000eef80000, 0x0000000100000000)
  eden space 53248K, 0% used [0x00000000eab00000,0x00000000eab00000,0x00000000edf00000)
  from space 7680K, 78% used [0x00000000ee700000,0x00000000eecddf40,0x00000000eee80000)
  to   space 8192K, 0% used [0x00000000edf00000,0x00000000edf00000,0x00000000ee700000)
 ParOldGen       total 96768K, used 29118K [0x00000000c0000000, 0x00000000c5e80000, 0x00000000eab00000)
  object space 96768K, 30% used [0x00000000c0000000,0x00000000c1c6f8f8,0x00000000c5e80000)
 Metaspace       used 6017K, capacity 7028K, committed 7296K, reserved 1056768K
  class space    used 603K, capacity 620K, committed 640K, reserved 1048576K
}
Event: 8.721 GC heap before
{Heap before GC invocations=21 (full 0):
 PSYoungGen      total 60928K, used 59255K [0x00000000eab00000, 0x00000000eef80000, 0x0000000100000000)
  eden space 53248K, 100% used [0x00000000eab00000,0x00000000edf00000,0x00000000edf00000)
  from space 7680K, 78% used [0x00000000ee700000,0x00000000eecddf40,0x00000000eee80000)
  to   space 8192K, 0% used [0x00000000edf00000,0x00000000edf00000,0x00000000ee700000)
 ParOldGen       total 96768K, used 29118K [0x00000000c0000000, 0x00000000c5e80000, 0x00000000eab00000)
  object space 96768K, 30% used [0x00000000c0000000,0x00000000c1c6f8f8,0x00000000c5e80000)
 Metaspace       used 6030K, capacity 7028K, committed 7296K, reserved 1056768K
  class space    used 603K, capacity 620K, committed 640K, reserved 1048576K
Event: 8.745 GC heap after
Heap after GC invocations=21 (full 0):
 PSYoungGen      total 61440K, used 7901K [0x00000000eab00000, 0x00000000f0700000, 0x0000000100000000)
  eden space 53248K, 0% used [0x00000000eab00000,0x00000000eab00000,0x00000000edf00000)
  from space 8192K, 96% used [0x00000000edf00000,0x00000000ee6b7430,0x00000000ee700000)
  to   space 9728K, 0% used [0x00000000efd80000,0x00000000efd80000,0x00000000f0700000)
 ParOldGen       total 96768K, used 33579K [0x00000000c0000000, 0x00000000c5e80000, 0x00000000eab00000)
  object space 96768K, 34% used [0x00000000c0000000,0x00000000c20caf80,0x00000000c5e80000)
 Metaspace       used 6030K, capacity 7028K, committed 7296K, reserved 1056768K
  class space    used 603K, capacity 620K, committed 640K, reserved 1048576K
}
Event: 9.004 GC heap before
{Heap before GC invocations=22 (full 0):
 PSYoungGen      total 61440K, used 61149K [0x00000000eab00000, 0x00000000f0700000, 0x0000000100000000)
  eden space 53248K, 100% used [0x00000000eab00000,0x00000000edf00000,0x00000000edf00000)
  from space 8192K, 96% used [0x00000000edf00000,0x00000000ee6b7430,0x00000000ee700000)
  to   space 9728K, 0% used [0x00000000efd80000,0x00000000efd80000,0x00000000f0700000)
 ParOldGen       total 96768K, used 33579K [0x00000000c0000000, 0x00000000c5e80000, 0x00000000eab00000)
  object space 96768K, 34% used [0x00000000c0000000,0x00000000c20caf80,0x00000000c5e80000)
 Metaspace       used 6043K, capacity 7028K, committed 7296K, reserved 1056768K
  class space    used 603K, capacity 620K, committed 640K, reserved 1048576K
Event: 9.064 GC heap after
Heap after GC invocations=22 (full 0):
 PSYoungGen      total 83968K, used 7808K [0x00000000eab00000, 0x00000000f0800000, 0x0000000100000000)
  eden space 74240K, 0% used [0x00000000eab00000,0x00000000eab00000,0x00000000ef380000)
  from space 9728K, 80% used [0x00000000efd80000,0x00000000f0520000,0x00000000f0700000)
  to   space 10240K, 0% used [0x00000000ef380000,0x00000000ef380000,0x00000000efd80000)
 ParOldGen       total 96768K, used 39421K [0x00000000c0000000, 0x00000000c5e80000, 0x00000000eab00000)
  object space 96768K, 40% used [0x00000000c0000000,0x00000000c267f5c8,0x00000000c5e80000)
 Metaspace       used 6043K, capacity 7028K, committed 7296K, reserved 1056768K
  class space    used 603K, capacity 620K, committed 640K, reserved 1048576K
}
Event: 9.451 GC heap before
{Heap before GC invocations=23 (full 0):
 PSYoungGen      total 83968K, used 82048K [0x00000000eab00000, 0x00000000f0800000, 0x0000000100000000)
  eden space 74240K, 100% used [0x00000000eab00000,0x00000000ef380000,0x00000000ef380000)
  from space 9728K, 80% used [0x00000000efd80000,0x00000000f0520000,0x00000000f0700000)
  to   space 10240K, 0% used [0x00000000ef380000,0x00000000ef380000,0x00000000efd80000)
 ParOldGen       total 96768K, used 39421K [0x00000000c0000000, 0x00000000c5e80000, 0x00000000eab00000)
  object space 96768K, 40% used [0x00000000c0000000,0x00000000c267f5c8,0x00000000c5e80000)
 Metaspace       used 6050K, capacity 7028K, committed 7296K, reserved 1056768K
  class space    used 603K, capacity 620K, committed 640K, reserved 1048576K
Event: 9.486 GC heap after
Heap after GC invocations=23 (full 0):
 PSYoungGen      total 84480K, used 10217K [0x00000000eab00000, 0x00000000f2f80000, 0x0000000100000000)
  eden space 74240K, 0% used [0x00000000eab00000,0x00000000eab00000,0x00000000ef380000)
  from space 10240K, 99% used [0x00000000ef380000,0x00000000efd7a448,0x00000000efd80000)
  to   space 15872K, 0% used [0x00000000f2000000,0x00000000f2000000,0x00000000f2f80000)
 ParOldGen       total 96768K, used 48933K [0x00000000c0000000, 0x00000000c5e80000, 0x00000000eab00000)
  object space 96768K, 50% used [0x00000000c0000000,0x00000000c2fc9508,0x00000000c5e80000)
 Metaspace       used 6050K, capacity 7028K, committed 7296K, reserved 1056768K
  class space    used 603K, capacity 620K, committed 640K, reserved 1048576K
}
Event: 9.796 GC heap before
{Heap before GC invocations=24 (full 0):
 PSYoungGen      total 84480K, used 84457K [0x00000000eab00000, 0x00000000f2f80000, 0x0000000100000000)
  eden space 74240K, 100% used [0x00000000eab00000,0x00000000ef380000,0x00000000ef380000)
  from space 10240K, 99% used [0x00000000ef380000,0x00000000efd7a448,0x00000000efd80000)
  to   space 15872K, 0% used [0x00000000f2000000,0x00000000f2000000,0x00000000f2f80000)
 ParOldGen       total 96768K, used 48933K [0x00000000c0000000, 0x00000000c5e80000, 0x00000000eab00000)
  object space 96768K, 50% used [0x00000000c0000000,0x00000000c2fc9508,0x00000000c5e80000)
 Metaspace       used 6051K, capacity 7028K, committed 7296K, reserved 1056768K
  class space    used 603K, capacity 620K, committed 640K, reserved 1048576K
Event: 9.882 GC heap after
Heap after GC invocations=24 (full 0):
 PSYoungGen      total 119808K, used 8960K [0x00000000eab00000, 0x00000000f2f80000, 0x0000000100000000)
  eden space 103936K, 0% used [0x00000000eab00000,0x00000000eab00000,0x00000000f1080000)
  from space 15872K, 56% used [0x00000000f2000000,0x00000000f28c0010,0x00000000f2f80000)
  to   space 15872K, 0% used [0x00000000f1080000,0x00000000f1080000,0x00000000f2000000)
 ParOldGen       total 96768K, used 58408K [0x00000000c0000000, 0x00000000c5e80000, 0x00000000eab00000)
  object space 96768K, 60% used [0x00000000c0000000,0x00000000c390a108,0x00000000c5e80000)
 Metaspace       used 6051K, capacity 7028K, committed 7296K, reserved 1056768K
  class space    used 603K, capacity 620K, committed 640K, reserved 1048576K
}

